{"F:\\tutorial\\React redux\\Testing Redux\\src\\math.js": {"path":"F:\\tutorial\\React redux\\Testing Redux\\src\\math.js","statementMap":{"0":{"start":{"line":1,"column":22},"end":{"line":1,"column":50}},"1":{"start":{"line":1,"column":34},"end":{"line":1,"column":50}}},"fnMap":{"0":{"name":"(anonymous_0)","decl":{"start":{"line":1,"column":22},"end":{"line":1,"column":23}},"loc":{"start":{"line":1,"column":34},"end":{"line":1,"column":50}},"line":1}},"branchMap":{},"s":{"0":1,"1":2},"f":{"0":2},"b":{},"_coverageSchema":"1a1c01bbd47fc00a2c39e90264f33305004495a9","hash":"52b5678714b4dd9b278a3de5345ec565a60916af"}
,"F:\\tutorial\\React redux\\Testing Redux\\src\\store\\ConfigureStore.js": {"path":"F:\\tutorial\\React redux\\Testing Redux\\src\\store\\ConfigureStore.js","statementMap":{"0":{"start":{"line":8,"column":2},"end":{"line":16,"column":5}}},"fnMap":{"0":{"name":"(anonymous_0)","decl":{"start":{"line":7,"column":15},"end":{"line":7,"column":16}},"loc":{"start":{"line":7,"column":27},"end":{"line":17,"column":1}},"line":7}},"branchMap":{},"s":{"0":0},"f":{"0":0},"b":{},"_coverageSchema":"1a1c01bbd47fc00a2c39e90264f33305004495a9","hash":"24457aff1e4100c83413e7b461a347c00ae7399e"}
,"F:\\tutorial\\React redux\\Testing Redux\\src\\store\\api.js": {"path":"F:\\tutorial\\React redux\\Testing Redux\\src\\store\\api.js","statementMap":{"0":{"start":{"line":3,"column":28},"end":{"line":3,"column":57}},"1":{"start":{"line":4,"column":30},"end":{"line":4,"column":61}},"2":{"start":{"line":5,"column":29},"end":{"line":5,"column":59}}},"fnMap":{},"branchMap":{},"s":{"0":1,"1":1,"2":1},"f":{},"b":{},"_coverageSchema":"1a1c01bbd47fc00a2c39e90264f33305004495a9","hash":"1fc4239d06eaccf722cd9cd802ba10d23f2f14e4"}
,"F:\\tutorial\\React redux\\Testing Redux\\src\\store\\bugs.js": {"path":"F:\\tutorial\\React redux\\Testing Redux\\src\\store\\bugs.js","statementMap":{"0":{"start":{"line":7,"column":14},"end":{"line":42,"column":2}},"1":{"start":{"line":16,"column":6},"end":{"line":16,"column":26}},"2":{"start":{"line":20,"column":6},"end":{"line":20,"column":27}},"3":{"start":{"line":24,"column":6},"end":{"line":24,"column":33}},"4":{"start":{"line":25,"column":6},"end":{"line":25,"column":27}},"5":{"start":{"line":26,"column":6},"end":{"line":26,"column":34}},"6":{"start":{"line":29,"column":36},"end":{"line":29,"column":50}},"7":{"start":{"line":30,"column":20},"end":{"line":30,"column":66}},"8":{"start":{"line":30,"column":49},"end":{"line":30,"column":65}},"9":{"start":{"line":31,"column":6},"end":{"line":31,"column":39}},"10":{"start":{"line":35,"column":6},"end":{"line":35,"column":37}},"11":{"start":{"line":38,"column":20},"end":{"line":38,"column":78}},"12":{"start":{"line":38,"column":49},"end":{"line":38,"column":77}},"13":{"start":{"line":39,"column":6},"end":{"line":39,"column":39}},"14":{"start":{"line":51,"column":4},"end":{"line":51,"column":17}},"15":{"start":{"line":54,"column":12},"end":{"line":54,"column":19}},"16":{"start":{"line":56,"column":24},"end":{"line":71,"column":1}},"17":{"start":{"line":56,"column":30},"end":{"line":71,"column":1}},"18":{"start":{"line":57,"column":24},"end":{"line":57,"column":48}},"19":{"start":{"line":59,"column":24},"end":{"line":59,"column":67}},"20":{"start":{"line":61,"column":2},"end":{"line":61,"column":33}},"21":{"start":{"line":61,"column":26},"end":{"line":61,"column":33}},"22":{"start":{"line":63,"column":2},"end":{"line":70,"column":4}},"23":{"start":{"line":73,"column":22},"end":{"line":80,"column":1}},"24":{"start":{"line":74,"column":2},"end":{"line":79,"column":3}},"25":{"start":{"line":75,"column":21},"end":{"line":75,"column":47}},"26":{"start":{"line":76,"column":4},"end":{"line":76,"column":28}},"27":{"start":{"line":78,"column":4},"end":{"line":78,"column":32}},"28":{"start":{"line":90,"column":26},"end":{"line":96,"column":4}},"29":{"start":{"line":91,"column":2},"end":{"line":96,"column":4}},"30":{"start":{"line":98,"column":31},"end":{"line":104,"column":4}},"31":{"start":{"line":99,"column":2},"end":{"line":104,"column":4}},"32":{"start":{"line":106,"column":33},"end":{"line":109,"column":1}},"33":{"start":{"line":107,"column":13},"end":{"line":107,"column":32}},"34":{"start":{"line":108,"column":12},"end":{"line":108,"column":47}},"35":{"start":{"line":108,"column":33},"end":{"line":108,"column":46}},"36":{"start":{"line":111,"column":29},"end":{"line":115,"column":3}},"37":{"start":{"line":112,"column":2},"end":{"line":115,"column":3}},"38":{"start":{"line":113,"column":15},"end":{"line":113,"column":34}},"39":{"start":{"line":114,"column":14},"end":{"line":114,"column":57}},"40":{"start":{"line":114,"column":35},"end":{"line":114,"column":56}}},"fnMap":{"0":{"name":"(anonymous_0)","decl":{"start":{"line":15,"column":19},"end":{"line":15,"column":20}},"loc":{"start":{"line":15,"column":37},"end":{"line":17,"column":5}},"line":15},"1":{"name":"(anonymous_1)","decl":{"start":{"line":19,"column":23},"end":{"line":19,"column":24}},"loc":{"start":{"line":19,"column":41},"end":{"line":21,"column":5}},"line":19},"2":{"name":"(anonymous_2)","decl":{"start":{"line":23,"column":18},"end":{"line":23,"column":19}},"loc":{"start":{"line":23,"column":36},"end":{"line":27,"column":5}},"line":23},"3":{"name":"(anonymous_3)","decl":{"start":{"line":28,"column":23},"end":{"line":28,"column":24}},"loc":{"start":{"line":28,"column":41},"end":{"line":32,"column":5}},"line":28},"4":{"name":"(anonymous_4)","decl":{"start":{"line":30,"column":40},"end":{"line":30,"column":41}},"loc":{"start":{"line":30,"column":49},"end":{"line":30,"column":65}},"line":30},"5":{"name":"(anonymous_5)","decl":{"start":{"line":34,"column":14},"end":{"line":34,"column":15}},"loc":{"start":{"line":34,"column":32},"end":{"line":36,"column":5}},"line":34},"6":{"name":"(anonymous_6)","decl":{"start":{"line":37,"column":17},"end":{"line":37,"column":18}},"loc":{"start":{"line":37,"column":35},"end":{"line":40,"column":5}},"line":37},"7":{"name":"(anonymous_7)","decl":{"start":{"line":38,"column":40},"end":{"line":38,"column":41}},"loc":{"start":{"line":38,"column":49},"end":{"line":38,"column":77}},"line":38},"8":{"name":"(anonymous_8)","decl":{"start":{"line":56,"column":24},"end":{"line":56,"column":25}},"loc":{"start":{"line":56,"column":30},"end":{"line":71,"column":1}},"line":56},"9":{"name":"(anonymous_9)","decl":{"start":{"line":56,"column":30},"end":{"line":56,"column":31}},"loc":{"start":{"line":56,"column":54},"end":{"line":71,"column":1}},"line":56},"10":{"name":"(anonymous_10)","decl":{"start":{"line":73,"column":22},"end":{"line":73,"column":23}},"loc":{"start":{"line":73,"column":37},"end":{"line":80,"column":1}},"line":73},"11":{"name":"(anonymous_11)","decl":{"start":{"line":90,"column":26},"end":{"line":90,"column":27}},"loc":{"start":{"line":91,"column":2},"end":{"line":96,"column":4}},"line":91},"12":{"name":"(anonymous_12)","decl":{"start":{"line":98,"column":31},"end":{"line":98,"column":32}},"loc":{"start":{"line":99,"column":2},"end":{"line":104,"column":4}},"line":99},"13":{"name":"(anonymous_13)","decl":{"start":{"line":107,"column":2},"end":{"line":107,"column":3}},"loc":{"start":{"line":107,"column":13},"end":{"line":107,"column":32}},"line":107},"14":{"name":"(anonymous_14)","decl":{"start":{"line":108,"column":2},"end":{"line":108,"column":3}},"loc":{"start":{"line":108,"column":12},"end":{"line":108,"column":47}},"line":108},"15":{"name":"(anonymous_15)","decl":{"start":{"line":108,"column":24},"end":{"line":108,"column":25}},"loc":{"start":{"line":108,"column":33},"end":{"line":108,"column":46}},"line":108},"16":{"name":"(anonymous_16)","decl":{"start":{"line":111,"column":29},"end":{"line":111,"column":30}},"loc":{"start":{"line":112,"column":2},"end":{"line":115,"column":3}},"line":112},"17":{"name":"(anonymous_17)","decl":{"start":{"line":113,"column":4},"end":{"line":113,"column":5}},"loc":{"start":{"line":113,"column":15},"end":{"line":113,"column":34}},"line":113},"18":{"name":"(anonymous_18)","decl":{"start":{"line":114,"column":4},"end":{"line":114,"column":5}},"loc":{"start":{"line":114,"column":14},"end":{"line":114,"column":57}},"line":114},"19":{"name":"(anonymous_19)","decl":{"start":{"line":114,"column":26},"end":{"line":114,"column":27}},"loc":{"start":{"line":114,"column":35},"end":{"line":114,"column":56}},"line":114}},"branchMap":{"0":{"loc":{"start":{"line":61,"column":2},"end":{"line":61,"column":33}},"type":"if","locations":[{"start":{"line":61,"column":2},"end":{"line":61,"column":33}},{"start":{"line":61,"column":2},"end":{"line":61,"column":33}}],"line":61}},"s":{"0":1,"1":0,"2":0,"3":0,"4":0,"5":0,"6":0,"7":0,"8":0,"9":0,"10":0,"11":0,"12":0,"13":0,"14":1,"15":1,"16":1,"17":0,"18":0,"19":0,"20":0,"21":0,"22":0,"23":1,"24":0,"25":0,"26":0,"27":0,"28":1,"29":0,"30":1,"31":0,"32":1,"33":0,"34":0,"35":0,"36":1,"37":0,"38":0,"39":0,"40":0},"f":{"0":0,"1":0,"2":0,"3":0,"4":0,"5":0,"6":0,"7":0,"8":0,"9":0,"10":0,"11":0,"12":0,"13":0,"14":0,"15":0,"16":0,"17":0,"18":0,"19":0},"b":{"0":[0,0]},"_coverageSchema":"1a1c01bbd47fc00a2c39e90264f33305004495a9","hash":"b103125c180c3f3d0d6b26e8c862aab89d427ad8"}
,"F:\\tutorial\\React redux\\Testing Redux\\src\\store\\entities.js": {"path":"F:\\tutorial\\React redux\\Testing Redux\\src\\store\\entities.js","statementMap":{},"fnMap":{},"branchMap":{},"s":{},"f":{},"b":{},"_coverageSchema":"1a1c01bbd47fc00a2c39e90264f33305004495a9","hash":"241b6ef0aa5864069162be073c2ccb48929f95f4"}
,"F:\\tutorial\\React redux\\Testing Redux\\src\\store\\projects.js": {"path":"F:\\tutorial\\React redux\\Testing Redux\\src\\store\\projects.js","statementMap":{"0":{"start":{"line":3,"column":13},"end":{"line":3,"column":14}},"1":{"start":{"line":5,"column":14},"end":{"line":16,"column":2}},"2":{"start":{"line":10,"column":6},"end":{"line":13,"column":9}},"3":{"start":{"line":18,"column":32},"end":{"line":18,"column":45}}},"fnMap":{"0":{"name":"(anonymous_0)","decl":{"start":{"line":9,"column":18},"end":{"line":9,"column":19}},"loc":{"start":{"line":9,"column":40},"end":{"line":14,"column":5}},"line":9}},"branchMap":{},"s":{"0":1,"1":1,"2":0,"3":1},"f":{"0":0},"b":{},"_coverageSchema":"1a1c01bbd47fc00a2c39e90264f33305004495a9","hash":"134831aa3518084a05fbb5a70f41c649685f6f03"}
,"F:\\tutorial\\React redux\\Testing Redux\\src\\store\\reducer.js": {"path":"F:\\tutorial\\React redux\\Testing Redux\\src\\store\\reducer.js","statementMap":{},"fnMap":{},"branchMap":{},"s":{},"f":{},"b":{},"_coverageSchema":"1a1c01bbd47fc00a2c39e90264f33305004495a9","hash":"7819fb51906b56820f8edf5721054707c97b8a7e"}
,"F:\\tutorial\\React redux\\Testing Redux\\src\\store\\users.js": {"path":"F:\\tutorial\\React redux\\Testing Redux\\src\\store\\users.js","statementMap":{"0":{"start":{"line":3,"column":13},"end":{"line":3,"column":14}},"1":{"start":{"line":5,"column":14},"end":{"line":16,"column":2}},"2":{"start":{"line":10,"column":6},"end":{"line":13,"column":9}},"3":{"start":{"line":18,"column":29},"end":{"line":18,"column":42}}},"fnMap":{"0":{"name":"(anonymous_0)","decl":{"start":{"line":9,"column":15},"end":{"line":9,"column":16}},"loc":{"start":{"line":9,"column":34},"end":{"line":14,"column":5}},"line":9}},"branchMap":{},"s":{"0":1,"1":1,"2":0,"3":1},"f":{"0":0},"b":{},"_coverageSchema":"1a1c01bbd47fc00a2c39e90264f33305004495a9","hash":"d08d103ceda8f9db007b6f54a73c39ca841a05f5"}
,"F:\\tutorial\\React redux\\Testing Redux\\src\\store\\middleware\\api.js": {"path":"F:\\tutorial\\React redux\\Testing Redux\\src\\store\\middleware\\api.js","statementMap":{"0":{"start":{"line":5,"column":2},"end":{"line":31,"column":3}},"1":{"start":{"line":6,"column":2},"end":{"line":31,"column":3}},"2":{"start":{"line":7,"column":2},"end":{"line":31,"column":3}},"3":{"start":{"line":8,"column":4},"end":{"line":8,"column":71}},"4":{"start":{"line":8,"column":51},"end":{"line":8,"column":71}},"5":{"start":{"line":10,"column":63},"end":{"line":10,"column":77}},"6":{"start":{"line":12,"column":4},"end":{"line":12,"column":45}},"7":{"start":{"line":12,"column":17},"end":{"line":12,"column":45}},"8":{"start":{"line":14,"column":4},"end":{"line":14,"column":17}},"9":{"start":{"line":16,"column":4},"end":{"line":30,"column":5}},"10":{"start":{"line":17,"column":23},"end":{"line":22,"column":8}},"11":{"start":{"line":23,"column":6},"end":{"line":23,"column":54}},"12":{"start":{"line":25,"column":6},"end":{"line":25,"column":75}},"13":{"start":{"line":25,"column":21},"end":{"line":25,"column":75}},"14":{"start":{"line":27,"column":6},"end":{"line":27,"column":53}},"15":{"start":{"line":29,"column":6},"end":{"line":29,"column":71}},"16":{"start":{"line":29,"column":19},"end":{"line":29,"column":71}}},"fnMap":{"0":{"name":"(anonymous_0)","decl":{"start":{"line":5,"column":2},"end":{"line":5,"column":3}},"loc":{"start":{"line":6,"column":2},"end":{"line":31,"column":3}},"line":6},"1":{"name":"(anonymous_1)","decl":{"start":{"line":6,"column":2},"end":{"line":6,"column":3}},"loc":{"start":{"line":7,"column":2},"end":{"line":31,"column":3}},"line":7},"2":{"name":"(anonymous_2)","decl":{"start":{"line":7,"column":2},"end":{"line":7,"column":3}},"loc":{"start":{"line":7,"column":20},"end":{"line":31,"column":3}},"line":7}},"branchMap":{"0":{"loc":{"start":{"line":8,"column":4},"end":{"line":8,"column":71}},"type":"if","locations":[{"start":{"line":8,"column":4},"end":{"line":8,"column":71}},{"start":{"line":8,"column":4},"end":{"line":8,"column":71}}],"line":8},"1":{"loc":{"start":{"line":12,"column":4},"end":{"line":12,"column":45}},"type":"if","locations":[{"start":{"line":12,"column":4},"end":{"line":12,"column":45}},{"start":{"line":12,"column":4},"end":{"line":12,"column":45}}],"line":12},"2":{"loc":{"start":{"line":25,"column":6},"end":{"line":25,"column":75}},"type":"if","locations":[{"start":{"line":25,"column":6},"end":{"line":25,"column":75}},{"start":{"line":25,"column":6},"end":{"line":25,"column":75}}],"line":25},"3":{"loc":{"start":{"line":29,"column":6},"end":{"line":29,"column":71}},"type":"if","locations":[{"start":{"line":29,"column":6},"end":{"line":29,"column":71}},{"start":{"line":29,"column":6},"end":{"line":29,"column":71}}],"line":29}},"s":{"0":1,"1":0,"2":0,"3":0,"4":0,"5":0,"6":0,"7":0,"8":0,"9":0,"10":0,"11":0,"12":0,"13":0,"14":0,"15":0,"16":0},"f":{"0":0,"1":0,"2":0},"b":{"0":[0,0],"1":[0,0],"2":[0,0],"3":[0,0]},"_coverageSchema":"1a1c01bbd47fc00a2c39e90264f33305004495a9","hash":"8797547ef6ad413cb89c7c1af09aff3aee2dd5c3"}
,"F:\\tutorial\\React redux\\Testing Redux\\src\\store\\middleware\\logger.js": {"path":"F:\\tutorial\\React redux\\Testing Redux\\src\\store\\middleware\\logger.js","statementMap":{"0":{"start":{"line":1,"column":15},"end":{"line":4,"column":1}},"1":{"start":{"line":1,"column":26},"end":{"line":4,"column":1}},"2":{"start":{"line":1,"column":37},"end":{"line":4,"column":1}},"3":{"start":{"line":1,"column":47},"end":{"line":4,"column":1}},"4":{"start":{"line":2,"column":2},"end":{"line":2,"column":32}},"5":{"start":{"line":3,"column":2},"end":{"line":3,"column":15}}},"fnMap":{"0":{"name":"(anonymous_0)","decl":{"start":{"line":1,"column":15},"end":{"line":1,"column":16}},"loc":{"start":{"line":1,"column":26},"end":{"line":4,"column":1}},"line":1},"1":{"name":"(anonymous_1)","decl":{"start":{"line":1,"column":26},"end":{"line":1,"column":27}},"loc":{"start":{"line":1,"column":37},"end":{"line":4,"column":1}},"line":1},"2":{"name":"(anonymous_2)","decl":{"start":{"line":1,"column":37},"end":{"line":1,"column":38}},"loc":{"start":{"line":1,"column":47},"end":{"line":4,"column":1}},"line":1},"3":{"name":"(anonymous_3)","decl":{"start":{"line":1,"column":47},"end":{"line":1,"column":48}},"loc":{"start":{"line":1,"column":59},"end":{"line":4,"column":1}},"line":1}},"branchMap":{},"s":{"0":1,"1":0,"2":0,"3":0,"4":0,"5":0},"f":{"0":0,"1":0,"2":0,"3":0},"b":{},"_coverageSchema":"1a1c01bbd47fc00a2c39e90264f33305004495a9","hash":"e384aff1c5038a8803e48cf7d54a93b1f9229a41"}
,"F:\\tutorial\\React redux\\Testing Redux\\src\\store\\middleware\\toast.js": {"path":"F:\\tutorial\\React redux\\Testing Redux\\src\\store\\middleware\\toast.js","statementMap":{"0":{"start":{"line":1,"column":14},"end":{"line":4,"column":1}},"1":{"start":{"line":1,"column":25},"end":{"line":4,"column":1}},"2":{"start":{"line":1,"column":35},"end":{"line":4,"column":1}},"3":{"start":{"line":2,"column":2},"end":{"line":3,"column":20}},"4":{"start":{"line":2,"column":31},"end":{"line":2,"column":80}},"5":{"start":{"line":3,"column":7},"end":{"line":3,"column":20}}},"fnMap":{"0":{"name":"(anonymous_0)","decl":{"start":{"line":1,"column":14},"end":{"line":1,"column":15}},"loc":{"start":{"line":1,"column":25},"end":{"line":4,"column":1}},"line":1},"1":{"name":"(anonymous_1)","decl":{"start":{"line":1,"column":25},"end":{"line":1,"column":26}},"loc":{"start":{"line":1,"column":35},"end":{"line":4,"column":1}},"line":1},"2":{"name":"(anonymous_2)","decl":{"start":{"line":1,"column":35},"end":{"line":1,"column":36}},"loc":{"start":{"line":1,"column":47},"end":{"line":4,"column":1}},"line":1}},"branchMap":{"0":{"loc":{"start":{"line":2,"column":2},"end":{"line":3,"column":20}},"type":"if","locations":[{"start":{"line":2,"column":2},"end":{"line":3,"column":20}},{"start":{"line":2,"column":2},"end":{"line":3,"column":20}}],"line":2}},"s":{"0":1,"1":0,"2":0,"3":0,"4":0,"5":0},"f":{"0":0,"1":0,"2":0},"b":{"0":[0,0]},"_coverageSchema":"1a1c01bbd47fc00a2c39e90264f33305004495a9","hash":"919f1846b9d2273d88c99287c9df2a9eedef934c"}
}
